# JRE version: OpenJDK Runtime Environment (8.0_131-b12) (build 1.8.0_131-b12)
# Java VM: OpenJDK 64-Bit Server VM (25.131-b12 mixed mode linux-amd64 compressed oops)
Heap:
 garbage-first heap   total 290816K, used 159232K [0x00000000c0000000, 0x00000000c01008e0, 0x0000000100000000)
  region size 1024K, 44 young (45056K), 17 survivors (17408K)
 Metaspace       used 65091K, capacity 71044K, committed 71192K, reserved 1112064K
  class space    used 7475K, capacity 9406K, committed 9496K, reserved 1048576K
GC Heap History (10 events):
Event: 7.680 GC heap before
{Heap before GC invocations=12 (full 0):
 garbage-first heap   total 290816K, used 233717K [0x00000000c0000000, 0x00000000c01008e0, 0x0000000100000000)
  region size 1024K, 170 young (174080K), 16 survivors (16384K)
 Metaspace       used 50374K, capacity 55338K, committed 55704K, reserved 1097728K
  class space    used 5584K, capacity 7201K, committed 7320K, reserved 1048576K
Event: 7.705 GC heap after
Heap after GC invocations=13 (full 0):
 garbage-first heap   total 290816K, used 94720K [0x00000000c0000000, 0x00000000c01008e0, 0x0000000100000000)
  region size 1024K, 22 young (22528K), 22 survivors (22528K)
 Metaspace       used 50374K, capacity 55338K, committed 55704K, reserved 1097728K
  class space    used 5584K, capacity 7201K, committed 7320K, reserved 1048576K
}
Event: 7.718 GC heap before
{Heap before GC invocations=13 (full 0):
 garbage-first heap   total 290816K, used 95744K [0x00000000c0000000, 0x00000000c01008e0, 0x0000000100000000)
  region size 1024K, 23 young (23552K), 22 survivors (22528K)
 Metaspace       used 50554K, capacity 55622K, committed 55704K, reserved 1097728K
  class space    used 5604K, capacity 7277K, committed 7320K, reserved 1048576K
Event: 7.736 GC heap after
Heap after GC invocations=14 (full 0):
 garbage-first heap   total 290816K, used 89088K [0x00000000c0000000, 0x00000000c01008e0, 0x0000000100000000)
  region size 1024K, 3 young (3072K), 3 survivors (3072K)
 Metaspace       used 50554K, capacity 55622K, committed 55704K, reserved 1097728K
  class space    used 5604K, capacity 7277K, committed 7320K, reserved 1048576K
}
Event: 8.124 GC heap before
{Heap before GC invocations=14 (full 0):
 garbage-first heap   total 290816K, used 238592K [0x00000000c0000000, 0x00000000c01008e0, 0x0000000100000000)
  region size 1024K, 149 young (152576K), 3 survivors (3072K)
 Metaspace       used 53378K, capacity 58550K, committed 58648K, reserved 1099776K
  class space    used 5942K, capacity 7698K, committed 7704K, reserved 1048576K
Event: 8.137 GC heap after
Heap after GC invocations=15 (full 0):
 garbage-first heap   total 290816K, used 114688K [0x00000000c0000000, 0x00000000c01008e0, 0x0000000100000000)
  region size 1024K, 19 young (19456K), 19 survivors (19456K)
 Metaspace       used 53378K, capacity 58550K, committed 58648K, reserved 1099776K
  class space    used 5942K, capacity 7698K, committed 7704K, reserved 1048576K
}
Event: 8.467 GC heap before
{Heap before GC invocations=15 (full 0):
 garbage-first heap   total 290816K, used 241664K [0x00000000c0000000, 0x00000000c01008e0, 0x0000000100000000)
  region size 1024K, 143 young (146432K), 19 survivors (19456K)
 Metaspace       used 55558K, capacity 60812K, committed 61080K, reserved 1101824K
  class space    used 6263K, capacity 8041K, committed 8088K, reserved 1048576K
Event: 8.482 GC heap after
Heap after GC invocations=16 (full 0):
 garbage-first heap   total 290816K, used 122368K [0x00000000c0000000, 0x00000000c01008e0, 0x0000000100000000)
  region size 1024K, 18 young (18432K), 18 survivors (18432K)
 Metaspace       used 55558K, capacity 60812K, committed 61080K, reserved 1101824K
  class space    used 6263K, capacity 8041K, committed 8088K, reserved 1048576K
}
Event: 8.892 GC heap before
{Heap before GC invocations=16 (full 0):
 garbage-first heap   total 290816K, used 242176K [0x00000000c0000000, 0x00000000c01008e0, 0x0000000100000000)
  region size 1024K, 135 young (138240K), 18 survivors (18432K)
 Metaspace       used 61674K, capacity 67532K, committed 67608K, reserved 1107968K
  class space    used 7089K, capacity 8937K, committed 8984K, reserved 1048576K
Event: 8.912 GC heap after
Heap after GC invocations=17 (full 0):
 garbage-first heap   total 290816K, used 132608K [0x00000000c0000000, 0x00000000c01008e0, 0x0000000100000000)
  region size 1024K, 17 young (17408K), 17 survivors (17408K)
 Metaspace       used 61674K, capacity 67532K, committed 67608K, reserved 1107968K
  class space    used 7089K, capacity 8937K, committed 8984K, reserved 1048576K
}

